[debug] [2024-05-01T12:27:52.707Z] : 
[debug] [2024-05-01T12:27:52.707Z] : ----------------------------------------------------------------------
[debug] [2024-05-01T12:27:52.707Z] : Command:      /usr/bin/node /usr/bin/catalyst deploy appsail
[debug] [2024-05-01T12:27:52.707Z] : CLI Version:  1.17.3
[debug] [2024-05-01T12:27:52.708Z] : Platform:     linux
[debug] [2024-05-01T12:27:52.708Z] : Node Version: v18.17.1
[debug] [2024-05-01T12:27:52.708Z] : Time:         Wed May 01 2024 17:57:52 GMT+0530 (India Standard Time)
[debug] [2024-05-01T12:27:52.708Z] : ----------------------------------------------------------------------
[debug] [2024-05-01T12:27:52.708Z] : 
[debug] [2024-05-01T12:27:52.973Z] : > authorizing via signed-in user option
[debug] [2024-05-01T12:27:52.973Z] : > command requires scopes: ["ZohoCatalyst.projects.ALL","ZohoCatalyst.appsail.Update"]
[debug] [2024-05-01T12:27:52.978Z] : >>>> HTTP REQUEST : GET https://api.catalyst.zoho.in/baas/v1/project/5640000000030053 

[debug] [2024-05-01T12:27:53.765Z] : <<<< HTTP RESPONSE : 200
Response Headers: {"server":"ZGS","date":"Wed, 01 May 2024 12:27:53 GMT","content-type":"application/vnd.catalyst.v2+json","transfer-encoding":"chunked","connection":"close","set-cookie":["3a750b85f1=99131cfabfda186b4fe68a16fb8fedd6; Path=/","ZD_CSRF_TOKEN=2f5cfbc3-058e-4b02-b9ef-5a0edb461c33;path=/;SameSite=None;Secure;priority=high","_zcsr_tmp=2f5cfbc3-058e-4b02-b9ef-5a0edb461c33;path=/;SameSite=Strict;Secure;priority=high"],"x-content-type-options":"nosniff","x-xss-protection":"1","cache-control":"private,no-cache,no-store,max-age=0,must-revalidate","pragma":"no-cache","expires":"Thu, 01 Jan 1970 00:00:00 GMT","x-frame-options":"DENY","strict-transport-security":"max-age=63072000"}

[debug] [2024-05-01T12:27:53.771Z] : >>>> HTTP REQUEST : GET https://api.catalyst.zoho.in/baas/v1/project/5640000000030053/environment 

[debug] [2024-05-01T12:27:54.482Z] : <<<< HTTP RESPONSE : 200
Response Headers: {"server":"ZGS","date":"Wed, 01 May 2024 12:27:54 GMT","content-type":"application/vnd.catalyst.v2+json","transfer-encoding":"chunked","connection":"close","set-cookie":["3a750b85f1=7c58023b2365c117e2ff9b6feb09efa2; Path=/","ZD_CSRF_TOKEN=5b43a690-c448-44a6-b59f-786f1dd19e51;path=/;SameSite=None;Secure;priority=high","_zcsr_tmp=5b43a690-c448-44a6-b59f-786f1dd19e51;path=/;SameSite=Strict;Secure;priority=high"],"x-content-type-options":"nosniff","x-xss-protection":"1","cache-control":"private,no-cache,no-store,max-age=0,must-revalidate","pragma":"no-cache","expires":"Thu, 01 Jan 1970 00:00:00 GMT","x-frame-options":"DENY","strict-transport-security":"max-age=63072000"}

[debug] [2024-05-01T12:28:11.198Z] : [Error: ENOENT: no such file or directory, open '/home/vigneshwaran/Personal/Projects/Backend/TaskManager/TaskManagerResource/app-config.json'] {
  errno: -2,
  code: 'ENOENT',
  syscall: 'open',
  path: '/home/vigneshwaran/Personal/Projects/Backend/TaskManager/TaskManagerResource/app-config.json'
}
[debug] [2024-05-01T12:28:11.199Z] : >>>> HTTP REQUEST : GET https://api.catalyst.zoho.in/baas/get-details 
Query params: {"feature_name":"runtime"}

[debug] [2024-05-01T12:28:12.073Z] : <<<< HTTP RESPONSE : 200
Response Headers: {"server":"ZGS","date":"Wed, 01 May 2024 12:28:12 GMT","content-type":"application/vnd.catalyst.v2+json","transfer-encoding":"chunked","connection":"close","set-cookie":["3a750b85f1=99131cfabfda186b4fe68a16fb8fedd6; Path=/","ZD_CSRF_TOKEN=091042da-4d6e-4a08-9d5a-e26fae4dcb43;path=/;SameSite=None;Secure;priority=high","_zcsr_tmp=091042da-4d6e-4a08-9d5a-e26fae4dcb43;path=/;SameSite=Strict;Secure;priority=high"],"x-content-type-options":"nosniff","x-xss-protection":"1","cache-control":"private,no-cache,no-store,max-age=0,must-revalidate","pragma":"no-cache","expires":"Thu, 01 Jan 1970 00:00:00 GMT","x-frame-options":"DENY","strict-transport-security":"max-age=63072000"}

[debug] [2024-05-01T12:29:33.432Z] : >>>> HTTP REQUEST : PUT https://api.catalyst.zoho.in/baas/v1/project/5640000000030053/appsail/upsert 

[debug] [2024-05-01T12:33:09.641Z] : <<<< HTTP RESPONSE : 200
Response Headers: {"server":"ZGS","date":"Wed, 01 May 2024 12:33:09 GMT","content-type":"application/vnd.catalyst.v2+json","transfer-encoding":"chunked","connection":"close","set-cookie":["3a750b85f1=7c58023b2365c117e2ff9b6feb09efa2; Path=/","ZD_CSRF_TOKEN=2566a02f-8ea4-4980-8aaf-9da66091a58e;path=/;SameSite=None;Secure;priority=high","_zcsr_tmp=2566a02f-8ea4-4980-8aaf-9da66091a58e;path=/;SameSite=Strict;Secure;priority=high"],"x-content-type-options":"nosniff","x-xss-protection":"1","cache-control":"private,no-cache,no-store,max-age=0,must-revalidate","pragma":"no-cache","expires":"Thu, 01 Jan 1970 00:00:00 GMT","x-frame-options":"DENY","strict-transport-security":"max-age=63072000"}

[info] [2024-05-01T12:33:09.643Z] : ℹ AppSail(task-resource): URL => https://task-resource-50019050308.development.catalystappsail.in
[info] [2024-05-01T12:33:09.643Z] : ✔ AppSail(task-resource): deploy successful
[info] [2024-05-01T12:33:09.643Z] : 
[info] [2024-05-01T12:33:09.643Z] : 
[info] [2024-05-01T12:33:09.643Z] : ✔ Catalyst AppSail Deploy completed successfully
[debug] [2024-05-01T12:33:09.643Z] : NO ERRORS REGISTERED
[debug] [2024-05-01T12:33:09.644Z] : EXEC ENDED with event: appsail, message: success
[debug] [2024-05-01T12:33:09.644Z] : TOTAL DURATION OF COMMAND EXEC : 316675
[error] [2024-05-01T12:33:09.647Z] : uncaughtException: ENOENT: no such file or directory, open '/tmp/.catalyst/catalyst-http-log.json'
Error: ENOENT: no such file or directory, open '/tmp/.catalyst/catalyst-http-log.json'
[error] [2024-05-01T12:33:09.649Z] : ✖ An unexpected error has occurred.
[debug] [2024-05-01T12:33:09.649Z] : Error Stack: CatalystError: An unexpected error has occurred.
    at exports.default (/usr/lib/node_modules/zcatalyst-cli/lib/errorOut.js:19:17)
    at process.<anonymous> (/usr/lib/node_modules/zcatalyst-cli/lib/bin/catalyst.js:87:28)
    at process.emit (node:events:526:35)
    at process.processEmit [as emit] (/usr/lib/node_modules/zcatalyst-cli/node_modules/signal-exit/index.js:199:34)
    at process._fatalException (node:internal/process/execution:149:25)
[debug] [2024-05-01T12:33:09.649Z] : Original Error: Error: ENOENT: no such file or directory, open '/tmp/.catalyst/catalyst-http-log.json'
[debug] [2024-05-01T12:33:09.649Z] : Error Status: 500
[info] [2024-05-01T12:33:09.649Z] : Kindly contact Catalyst support [support@zohocatalyst.com] if you need any further assistance
